SF:lib/core/http/http_exception.dart
DA:5,3
DA:7,2
DA:8,6
DA:12,3
DA:13,3
DA:17,0
DA:21,0
DA:22,0
DA:26,0
DA:27,0
DA:31,0
LF:11
LH:5
end_of_record
SF:lib/core/http/http_service.dart
DA:13,0
DA:16,0
DA:17,0
DA:18,0
DA:19,0
DA:23,0
DA:24,0
DA:25,0
DA:26,0
DA:28,0
DA:29,0
DA:30,0
DA:31,0
DA:32,0
DA:33,0
DA:35,0
DA:37,0
LF:17
LH:0
end_of_record
SF:lib/models/get_repositories/repository_response.dart
DA:10,3
DA:30,2
DA:31,2
DA:33,0
LF:4
LH:3
end_of_record
SF:lib/models/get_repositories/repository_response.g.dart
DA:9,2
DA:10,2
DA:11,2
DA:12,2
DA:13,2
DA:14,2
DA:15,2
DA:16,2
DA:17,2
DA:18,4
DA:19,2
DA:21,2
DA:22,2
DA:25,0
DA:26,0
DA:27,0
DA:28,0
DA:29,0
DA:30,0
DA:31,0
DA:32,0
DA:33,0
DA:34,0
LF:23
LH:13
end_of_record
SF:lib/repository/get_repositories_repo.dart
DA:11,1
DA:12,0
DA:15,1
DA:18,1
DA:19,2
DA:20,1
DA:21,1
DA:24,1
DA:25,2
LF:9
LH:8
end_of_record
SF:lib/models/get_repositories/repositories_response.dart
DA:9,2
DA:15,2
DA:16,2
DA:18,0
LF:4
LH:3
end_of_record
SF:lib/models/get_repositories/repositories_response.g.dart
DA:9,2
DA:11,2
DA:12,2
DA:13,6
DA:14,2
DA:17,0
DA:19,0
DA:20,0
LF:8
LH:5
end_of_record
SF:lib/models/get_repositories/repository_license_response.dart
DA:7,2
DA:13,2
DA:14,2
DA:16,0
LF:4
LH:3
end_of_record
SF:lib/models/get_repositories/repository_license_response.g.dart
DA:9,2
DA:11,2
DA:12,2
DA:15,0
DA:17,0
DA:18,0
LF:6
LH:3
end_of_record
SF:lib/models/get_repositories/repository_owner_response.dart
DA:7,3
DA:13,2
DA:14,2
DA:16,0
LF:4
LH:3
end_of_record
SF:lib/models/get_repositories/repository_owner_response.g.dart
DA:9,2
DA:11,2
DA:12,2
DA:15,0
DA:17,0
DA:18,0
LF:6
LH:3
end_of_record
SF:lib/provider/repositories_provider.dart
DA:8,2
DA:9,0
DA:11,4
DA:15,2
DA:16,4
DA:19,4
DA:20,4
DA:21,2
DA:22,6
DA:26,2
DA:27,2
DA:28,2
LF:12
LH:11
end_of_record
SF:lib/view/widget/drop_down.dart
DA:5,2
DA:18,2
DA:19,2
DA:22,2
DA:23,6
DA:24,2
DA:26,2
DA:29,2
DA:32,4
DA:35,2
DA:36,2
DA:37,4
DA:39,2
DA:40,4
DA:42,6
DA:46,2
DA:47,2
DA:48,1
DA:50,2
LF:19
LH:19
end_of_record
SF:lib/core/http/api_response.dart
DA:12,0
DA:14,2
DA:16,2
DA:18,2
DA:20,0
DA:21,0
LF:6
LH:3
end_of_record
SF:lib/view/screens/repositories_screen.dart
DA:9,0
DA:12,0
DA:13,0
DA:14,0
DA:20,3
DA:24,1
DA:25,1
DA:42,1
DA:44,1
DA:45,3
DA:46,1
DA:48,1
DA:49,1
DA:50,1
DA:51,2
DA:56,0
DA:57,0
DA:58,0
DA:60,0
DA:61,0
DA:62,0
DA:65,1
DA:66,1
DA:67,1
DA:70,1
DA:72,1
DA:73,1
DA:74,1
DA:75,1
DA:76,1
DA:77,1
LF:31
LH:21
end_of_record
SF:lib/view/widget/repositories_list_widget.dart
DA:12,2
DA:16,1
DA:17,1
DA:20,1
DA:21,2
DA:22,2
DA:23,3
DA:24,2
DA:28,1
DA:30,1
DA:31,2
DA:32,1
DA:34,1
DA:35,1
DA:36,2
DA:38,1
DA:39,1
DA:40,2
LF:18
LH:18
end_of_record
SF:lib/view/widget/app_error_widget.dart
DA:6,1
DA:8,1
DA:9,1
DA:10,1
DA:11,2
LF:5
LH:5
end_of_record
SF:lib/view/widget/loading_widget.dart
DA:6,2
DA:8,1
DA:9,1
DA:10,1
DA:12,1
DA:17,1
DA:18,1
LF:7
LH:7
end_of_record
SF:lib/view/widget/repository_item_widget.dart
DA:4,1
DA:15,0
DA:17,1
DA:18,1
DA:19,2
DA:20,1
DA:21,1
DA:22,2
DA:23,1
DA:26,2
DA:27,3
LF:11
LH:10
end_of_record
