SF:lib/models/get_repositories/repository_owner_response.dart
DA:12,1
DA:18,0
DA:20,0
LF:3
LH:1
end_of_record
SF:lib/models/get_repositories/repository_owner_response.g.dart
DA:10,1
DA:14,0
DA:17,0
DA:18,0
DA:21,0
DA:23,0
DA:24,0
DA:26,0
DA:27,0
DA:28,0
DA:32,1
DA:33,2
DA:35,0
DA:38,0
DA:39,0
DA:40,0
DA:42,0
DA:45,0
DA:50,0
DA:59,0
DA:60,0
DA:61,0
DA:62,0
DA:70,0
DA:72,0
DA:73,0
DA:76,0
DA:78,0
DA:79,0
LF:29
LH:3
end_of_record
SF:lib/models/get_repositories/repository_response.g.dart
DA:10,1
DA:21,0
DA:31,0
DA:32,0
DA:33,0
DA:34,0
DA:35,0
DA:36,0
DA:37,0
DA:38,0
DA:39,0
DA:42,0
DA:44,0
DA:45,0
DA:46,0
DA:47,0
DA:48,0
DA:49,0
DA:50,0
DA:51,0
DA:52,0
DA:54,0
DA:55,0
DA:56,0
DA:57,0
DA:58,0
DA:59,0
DA:60,0
DA:61,0
DA:62,0
DA:63,0
DA:67,1
DA:69,9
DA:71,0
DA:74,0
DA:75,0
DA:76,0
DA:77,0
DA:78,0
DA:79,0
DA:80,0
DA:81,0
DA:82,0
DA:83,0
DA:85,0
DA:89,0
DA:90,0
DA:91,0
DA:92,0
DA:93,0
DA:94,0
DA:95,0
DA:96,0
DA:102,0
DA:125,0
DA:126,0
DA:127,0
DA:130,0
DA:131,0
DA:132,0
DA:135,0
DA:136,0
DA:137,0
DA:138,0
DA:141,0
DA:142,0
DA:143,0
DA:146,0
DA:147,0
DA:148,0
DA:151,0
DA:152,0
DA:153,0
DA:154,0
DA:157,0
DA:158,0
DA:159,0
DA:162,0
DA:163,0
DA:164,0
DA:172,0
DA:173,0
DA:174,0
DA:175,0
DA:176,0
DA:177,0
DA:178,0
DA:179,0
DA:180,0
DA:181,0
DA:182,0
DA:184,0
DA:185,0
DA:188,0
DA:189,0
DA:190,0
DA:191,0
DA:192,0
DA:193,0
DA:194,0
DA:195,0
DA:196,0
DA:197,0
LF:103
LH:3
end_of_record
SF:lib/models/get_repositories/repository_response.dart
DA:15,1
DA:35,0
DA:37,0
LF:3
LH:1
end_of_record
SF:lib/core/http/http_service.dart
DA:13,0
DA:16,0
DA:17,0
DA:18,0
DA:19,0
DA:23,0
DA:24,0
DA:25,0
DA:26,0
DA:28,0
DA:29,0
DA:30,0
DA:31,0
DA:32,0
DA:33,0
DA:35,0
DA:36,0
LF:17
LH:0
end_of_record
SF:lib/models/contributors/contributor_response.dart
DA:7,0
DA:17,0
DA:19,0
LF:3
LH:0
end_of_record
SF:lib/models/contributors/contributor_response.g.dart
DA:9,0
DA:10,0
DA:11,0
DA:12,0
DA:13,0
DA:16,0
DA:18,0
DA:19,0
DA:20,0
DA:21,0
LF:10
LH:0
end_of_record
SF:lib/models/user_details/user_details_response.dart
DA:7,0
DA:23,0
DA:25,0
LF:3
LH:0
end_of_record
SF:lib/models/user_details/user_details_response.g.dart
DA:9,0
DA:10,0
DA:11,0
DA:12,0
DA:13,0
DA:14,0
DA:15,0
DA:16,0
DA:19,0
DA:21,0
DA:22,0
DA:23,0
DA:24,0
DA:25,0
DA:26,0
DA:27,0
LF:16
LH:0
end_of_record
SF:lib/util/dispatcher.dart
DA:5,0
DA:7,0
DA:8,0
LF:3
LH:0
end_of_record
SF:lib/state/actions.dart
DA:14,1
DA:22,1
DA:30,0
DA:38,0
DA:46,0
DA:54,0
DA:62,0
DA:74,0
LF:8
LH:2
end_of_record
SF:lib/state/actions.g.dart
DA:10,1
DA:14,0
DA:17,0
DA:18,0
DA:21,0
DA:23,0
DA:24,0
DA:26,0
DA:27,0
DA:28,0
DA:32,1
DA:34,2
DA:36,1
DA:39,1
DA:40,3
DA:41,3
DA:43,0
DA:46,0
DA:51,0
DA:60,0
DA:61,0
DA:62,0
DA:63,0
DA:64,0
DA:69,0
DA:73,0
DA:76,0
DA:77,0
DA:80,0
DA:82,0
DA:83,0
DA:85,0
DA:86,0
DA:87,0
DA:91,0
DA:93,0
DA:95,0
DA:98,0
DA:99,0
DA:100,0
DA:102,0
DA:105,0
DA:110,0
DA:119,0
DA:120,0
DA:121,0
DA:122,0
DA:127,0
DA:131,0
DA:134,0
DA:135,0
DA:138,0
DA:140,0
DA:141,0
DA:143,0
DA:144,0
DA:145,0
DA:149,0
DA:151,0
DA:153,0
DA:156,0
DA:157,0
DA:158,0
DA:160,0
DA:163,0
DA:168,0
DA:177,0
DA:178,0
DA:179,0
DA:180,0
DA:185,0
DA:189,0
DA:192,0
DA:193,0
DA:196,0
DA:198,0
DA:199,0
DA:201,0
DA:202,0
DA:203,0
DA:207,0
DA:209,0
DA:211,0
DA:214,0
DA:215,0
DA:216,0
DA:218,0
DA:221,0
DA:226,0
DA:235,0
DA:236,0
DA:237,0
DA:238,0
DA:239,0
DA:245,0
DA:249,0
DA:252,0
DA:253,0
DA:256,0
DA:258,0
DA:259,0
DA:261,0
DA:262,0
DA:263,0
DA:267,0
DA:269,0
DA:271,0
DA:274,0
DA:275,0
DA:276,0
DA:278,0
DA:281,0
DA:286,0
DA:295,0
DA:296,0
DA:297,0
DA:298,0
DA:299,0
DA:300,0
DA:306,0
DA:311,0
DA:315,0
DA:316,0
DA:317,0
DA:320,0
DA:322,0
DA:323,0
DA:324,0
DA:326,0
DA:327,0
DA:328,0
DA:329,0
DA:333,0
DA:335,0
DA:337,0
DA:340,0
DA:341,0
DA:342,0
DA:343,0
DA:345,0
DA:349,0
DA:350,0
DA:356,0
DA:367,0
DA:368,0
DA:369,0
DA:370,0
DA:371,0
DA:372,0
DA:376,0
DA:377,0
DA:378,0
DA:379,0
DA:380,0
DA:381,0
DA:387,0
DA:391,0
DA:394,0
DA:395,0
DA:398,0
DA:400,0
DA:401,0
DA:403,0
DA:404,0
DA:405,0
DA:409,0
DA:411,0
DA:413,0
DA:416,0
DA:417,0
DA:418,0
DA:420,0
DA:423,0
DA:428,0
DA:437,0
DA:438,0
DA:439,0
DA:440,0
LF:178
LH:7
end_of_record
SF:lib/state/middleware/get_repositories_middleware.dart
DA:5,1
DA:10,1
DA:12,1
DA:13,1
DA:15,2
DA:16,2
DA:17,1
DA:18,0
LF:8
LH:7
end_of_record
SF:lib/core/http/api_response.dart
DA:12,0
DA:14,0
DA:16,0
DA:18,0
DA:20,0
DA:21,0
LF:6
LH:0
end_of_record
SF:lib/models/contributors/contributor.dart
DA:2,0
LF:1
LH:0
end_of_record
SF:lib/models/get_repositories/repository_license_response.g.dart
DA:10,0
DA:14,0
DA:17,0
DA:18,0
DA:21,0
DA:23,0
DA:24,0
DA:26,0
DA:27,0
DA:28,0
DA:32,0
DA:33,0
DA:35,0
DA:38,0
DA:39,0
DA:40,0
DA:42,0
DA:45,0
DA:50,0
DA:59,0
DA:60,0
DA:61,0
DA:69,0
DA:71,0
DA:72,0
DA:75,0
DA:77,0
DA:78,0
LF:28
LH:0
end_of_record
SF:lib/models/get_repositories/repository_license_response.dart
DA:12,0
DA:18,0
DA:20,0
LF:3
LH:0
end_of_record
SF:lib/state/app_state.g.dart
DA:10,0
DA:16,0
DA:21,0
DA:22,0
DA:23,0
DA:24,0
DA:27,0
DA:28,0
DA:29,0
DA:30,0
DA:31,0
DA:33,0
DA:34,0
DA:35,0
DA:36,0
DA:37,0
DA:41,0
DA:43,0
DA:45,0
DA:48,0
DA:49,0
DA:51,0
DA:52,0
DA:54,0
DA:56,0
DA:61,0
DA:62,0
DA:64,0
DA:70,0
DA:83,0
DA:84,0
DA:85,0
DA:86,0
DA:87,0
DA:88,0
DA:92,0
DA:93,0
DA:94,0
DA:95,0
DA:96,0
DA:100,0
DA:101,0
DA:102,0
DA:103,0
DA:104,0
DA:105,0
LF:46
LH:0
end_of_record
SF:lib/state/app_state.dart
DA:24,0
DA:30,0
DA:31,0
DA:32,0
DA:34,0
LF:5
LH:0
end_of_record
SF:lib/state/reducer.dart
DA:10,0
DA:11,0
DA:12,0
DA:13,0
DA:14,0
DA:15,0
DA:16,0
DA:17,0
DA:18,0
DA:22,0
DA:26,0
DA:27,0
DA:30,0
DA:34,0
DA:35,0
DA:38,0
DA:42,0
DA:43,0
DA:46,0
DA:50,0
DA:51,0
DA:53,0
DA:56,0
DA:60,0
DA:61,0
DA:64,0
DA:68,0
DA:69,0
DA:70,0
DA:72,0
DA:73,0
DA:77,0
DA:81,0
DA:82,0
DA:85,0
DA:89,0
DA:90,0
DA:91,0
DA:92,0
DA:94,0
DA:95,0
DA:96,0
DA:97,0
DA:98,0
DA:99,0
DA:100,0
DA:101,0
DA:103,0
LF:48
LH:0
end_of_record
SF:lib/core/http/http_exception.dart
DA:5,0
DA:7,0
DA:8,0
DA:12,0
DA:16,0
DA:20,0
DA:24,0
DA:28,0
LF:8
LH:0
end_of_record
